example/build/app/intermediates/manifest_merge_blame_file/debug/manifest-merger-blame-debug-report.txt
1<?xml version="1.0" encoding="utf-8"?>
2<manifest xmlns:android="http://schemas.android.com/apk/res/android"
3    package="com.fluttercandies.wechatAssetsPickerExample"
4    android:versionCode="37"
5    android:versionName="8.4.3" >
6
7    <uses-sdk
8        android:minSdkVersion="21"
8-->src/main/AndroidManifest.xml
9        android:targetSdkVersion="33" />
9-->src/main/AndroidManifest.xml
10
11    <uses-permission android:name="android.permission.INTERNET" />
11-->src/main/AndroidManifest.xml:3:5-67
11-->src/main/AndroidManifest.xml:3:22-64
12    <uses-permission
12-->src/main/AndroidManifest.xml:4:5-6:37
13        android:name="android.permission.WRITE_EXTERNAL_STORAGE"
13-->src/main/AndroidManifest.xml:5:9-65
14        android:maxSdkVersion="29" />
14-->src/main/AndroidManifest.xml:6:9-35
15    <uses-permission android:name="android.permission.READ_MEDIA_IMAGES" />
15-->src/main/AndroidManifest.xml:8:5-76
15-->src/main/AndroidManifest.xml:8:22-73
16    <uses-permission android:name="android.permission.READ_MEDIA_VIDEO" />
16-->src/main/AndroidManifest.xml:9:5-75
16-->src/main/AndroidManifest.xml:9:22-72
17    <uses-permission android:name="android.permission.READ_MEDIA_AUDIO" />
17-->src/main/AndroidManifest.xml:10:5-75
17-->src/main/AndroidManifest.xml:10:22-72
18    <uses-permission android:name="android.permission.CAMERA" />
18-->[:camera_android] AndroidManifest.xml:7:5-65
18-->[:camera_android] AndroidManifest.xml:7:22-62
19    <uses-permission android:name="android.permission.RECORD_AUDIO" />
19-->[:camera_android] AndroidManifest.xml:8:5-71
19-->[:camera_android] AndroidManifest.xml:8:22-68
20    <uses-permission android:name="android.permission.READ_EXTERNAL_STORAGE" />
20-->[:photo_manager] AndroidManifest.xml:7:5-80
20-->[:photo_manager] AndroidManifest.xml:7:22-77
21    <uses-permission android:name="android.permission.ACCESS_NETWORK_STATE" />
21-->[com.google.android.exoplayer:exoplayer-core:2.18.6] AndroidManifest.xml:24:5-79
21-->[com.google.android.exoplayer:exoplayer-core:2.18.6] AndroidManifest.xml:24:22-76
22
23    <application
23-->src/main/AndroidManifest.xml:12:5-42:19
24        android:allowBackup="false"
24-->src/main/AndroidManifest.xml:15:9-36
25        android:appComponentFactory="androidx.core.app.CoreComponentFactory"
25-->[androidx.core:core:1.7.0] AndroidManifest.xml:24:18-86
26        android:debuggable="true"
27        android:icon="@mipmap/ic_launcher"
27-->src/main/AndroidManifest.xml:14:9-43
28        android:label="Wechat Assets Picker Example" >
28-->src/main/AndroidManifest.xml:13:9-53
29        <activity
29-->src/main/AndroidManifest.xml:16:9-36:20
30            android:name="com.fluttercandies.wechatAssetsPickerExample.MainActivity"
30-->src/main/AndroidManifest.xml:17:13-41
31            android:configChanges="orientation|keyboardHidden|keyboard|screenSize|smallestScreenSize|locale|layoutDirection|fontScale|screenLayout|density|uiMode"
31-->src/main/AndroidManifest.xml:21:13-163
32            android:exported="true"
32-->src/main/AndroidManifest.xml:18:13-36
33            android:hardwareAccelerated="true"
33-->src/main/AndroidManifest.xml:22:13-47
34            android:launchMode="singleTop"
34-->src/main/AndroidManifest.xml:19:13-43
35            android:theme="@style/LaunchTheme"
35-->src/main/AndroidManifest.xml:20:13-47
36            android:windowSoftInputMode="adjustResize" >
36-->src/main/AndroidManifest.xml:23:13-55
37            <intent-filter>
37-->src/main/AndroidManifest.xml:24:13-27:29
38                <action android:name="android.intent.action.MAIN" />
38-->src/main/AndroidManifest.xml:25:17-68
38-->src/main/AndroidManifest.xml:25:25-66
39
40                <category android:name="android.intent.category.LAUNCHER" />
40-->src/main/AndroidManifest.xml:26:17-76
40-->src/main/AndroidManifest.xml:26:27-74
41            </intent-filter>
42            <!--
43                 Specifies an Android theme to apply to this Activity as soon as
44                 the Android process has started. This theme is visible to the user
45                 while the Flutter UI initializes. After that, this theme continues
46                 to determine the Window background behind the Flutter UI.
47            -->
48            <meta-data
48-->src/main/AndroidManifest.xml:32:13-35:15
49                android:name="io.flutter.embedding.android.NormalTheme"
49-->src/main/AndroidManifest.xml:33:17-72
50                android:resource="@style/NormalTheme" />
50-->src/main/AndroidManifest.xml:34:17-54
51        </activity>
52        <!--
53             Don't delete the meta-data below.
54             This is used by the Flutter tool to generate GeneratedPluginRegistrant.java
55        -->
56        <meta-data
56-->src/main/AndroidManifest.xml:39:9-41:33
57            android:name="flutterEmbedding"
57-->src/main/AndroidManifest.xml:40:13-44
58            android:value="2" />
58-->src/main/AndroidManifest.xml:41:13-30
59
60        <uses-library
60-->[androidx.window:window:1.0.0-beta04] AndroidManifest.xml:25:9-27:40
61            android:name="androidx.window.extensions"
61-->[androidx.window:window:1.0.0-beta04] AndroidManifest.xml:26:13-54
62            android:required="false" />
62-->[androidx.window:window:1.0.0-beta04] AndroidManifest.xml:27:13-37
63        <uses-library
63-->[androidx.window:window:1.0.0-beta04] AndroidManifest.xml:28:9-30:40
64            android:name="androidx.window.sidecar"
64-->[androidx.window:window:1.0.0-beta04] AndroidManifest.xml:29:13-51
65            android:required="false" />
65-->[androidx.window:window:1.0.0-beta04] AndroidManifest.xml:30:13-37
66    </application>
67
68</manifest>